#
# There is insufficient memory for the Java Runtime Environment to continue.
# Native memory allocation (malloc) failed to allocate 32744 bytes for ChunkPool::allocate
# Possible reasons:
#   The system is out of physical RAM or swap space
#   In 32 bit mode, the process size limit was hit
# Possible solutions:
#   Reduce memory load on the system
#   Increase physical memory or swap space
#   Check if swap backing store is full
#   Use 64 bit Java on a 64 bit OS
#   Decrease Java heap size (-Xmx/-Xms)
#   Decrease number of Java threads
#   Decrease Java thread stack sizes (-Xss)
#   Set larger code cache with -XX:ReservedCodeCacheSize=
# This output file may be truncated or incomplete.
#
#  Out of Memory Error (allocation.cpp:273), pid=1860, tid=8440
#
# JRE version: Java(TM) SE Runtime Environment (8.0_45-b14) (build 1.8.0_45-b14)
# Java VM: Java HotSpot(TM) 64-Bit Server VM (25.45-b02 mixed mode windows-amd64 compressed oops)
# Failed to write core dump. Minidumps are not enabled by default on client versions of Windows
#

---------------  T H R E A D  ---------------

Current thread (0x0000000054ef0000):  JavaThread "C1 CompilerThread1" daemon [_thread_in_native, id=8440, stack(0x0000000056240000,0x0000000056340000)]

Stack: [0x0000000056240000,0x0000000056340000]
Native frames: (J=compiled Java code, j=interpreted, Vv=VM code, C=native code)
V  [jvm.dll+0x32b57a]


Current CompileTask:
C1:  17369 2962 %     3      
[error occurred during error reporting (printing current compile task), id 0xe0000001]


---------------  P R O C E S S  ---------------

Java Threads: ( => current thread )
  0x0000000056e10800 JavaThread "File lock request listener" [_thread_in_native, id=8276, stack(0x0000000059710000,0x0000000059810000)]
  0x00000000577aa000 JavaThread "Stdin handler" [_thread_blocked, id=9960, stack(0x0000000058a20000,0x0000000058b20000)]
  0x00000000577ba000 JavaThread "Daemon worker" [_thread_in_native, id=3964, stack(0x0000000058ec0000,0x0000000058fc0000)]
  0x00000000577b7000 JavaThread "Cancel handler" [_thread_blocked, id=6940, stack(0x0000000058c80000,0x0000000058d80000)]
  0x00000000577a0000 JavaThread "Handler for socket connection from /127.0.0.1:61800 to /127.0.0.1:61802" [_thread_in_native, id=4584, stack(0x0000000058b20000,0x0000000058c20000)]
  0x000000005779f000 JavaThread "Daemon" [_thread_blocked, id=2680, stack(0x0000000057300000,0x0000000057400000)]
  0x00000000576ca800 JavaThread "Incoming local TCP Connector on port 61800" [_thread_in_native, id=3848, stack(0x0000000058690000,0x0000000058790000)]
  0x0000000056350800 JavaThread "Service Thread" daemon [_thread_blocked, id=8132, stack(0x0000000056800000,0x0000000056900000)]
=>0x0000000054ef0000 JavaThread "C1 CompilerThread1" daemon [_thread_in_native, id=8440, stack(0x0000000056240000,0x0000000056340000)]
  0x0000000054ea6800 JavaThread "C2 CompilerThread0" daemon [_thread_in_native, id=6960, stack(0x0000000056060000,0x0000000056160000)]
  0x0000000054ea5000 JavaThread "Attach Listener" daemon [_thread_blocked, id=11120, stack(0x0000000055ee0000,0x0000000055fe0000)]
  0x0000000054ea3800 JavaThread "Signal Dispatcher" daemon [_thread_blocked, id=3444, stack(0x00000000559e0000,0x0000000055ae0000)]
  0x0000000054e3e800 JavaThread "Finalizer" daemon [_thread_blocked, id=10008, stack(0x0000000055ce0000,0x0000000055de0000)]
  0x0000000054e35800 JavaThread "Reference Handler" daemon [_thread_blocked, id=10540, stack(0x0000000055ae0000,0x0000000055be0000)]
  0x0000000002140000 JavaThread "main" [_thread_blocked, id=10988, stack(0x00000000023d0000,0x00000000024d0000)]

Other Threads:
  0x0000000054e2f800 VMThread [stack: 0x0000000055860000,0x0000000055960000] [id=10400]
  0x0000000054efe000 WatcherThread [stack: 0x00000000569e0000,0x0000000056ae0000] [id=5304]

VM state:not at safepoint (normal execution)

VM Mutex/Monitor currently owned by a thread: None

Heap:
 PSYoungGen      total 217600K, used 57311K [0x00000000eab00000, 0x00000000fb880000, 0x0000000100000000)
  eden space 206848K, 22% used [0x00000000eab00000,0x00000000ed901410,0x00000000f7500000)
  from space 10752K, 94% used [0x00000000f7500000,0x00000000f7ef6a20,0x00000000f7f80000)
  to   space 12288K, 0% used [0x00000000fac80000,0x00000000fac80000,0x00000000fb880000)
 ParOldGen       total 57856K, used 12787K [0x00000000c0000000, 0x00000000c3880000, 0x00000000eab00000)
  object space 57856K, 22% used [0x00000000c0000000,0x00000000c0c7cde8,0x00000000c3880000)
 Metaspace       used 29379K, capacity 30338K, committed 30464K, reserved 1075200K
  class space    used 3877K, capacity 4244K, committed 4352K, reserved 1048576K

Card table byte_map: [0x0000000011b60000,0x0000000011d70000] byte_map_base: 0x0000000011560000

Marking Bits: (ParMarkBitMap*) 0x0000000070004040
 Begin Bits: [0x0000000012300000, 0x0000000013300000)
 End Bits:   [0x0000000013300000, 0x0000000014300000)

Polling page: 0x0000000000240000

CodeCache: size=245760Kb used=11088Kb max_used=11088Kb free=234671Kb
 bounds [0x00000000027a0000, 0x0000000003280000, 0x00000000117a0000]
 total_blobs=3556 nmethods=2920 adapters=548
 compilation: enabled

Compilation events (10 events):
Event: 17.286 Thread 0x0000000054ef0000 nmethod 2957 0x00000000032739d0 code [0x0000000003273b40, 0x0000000003273ce8]
Event: 17.287 Thread 0x0000000054ef0000 2958       2       com.sun.org.apache.xerces.internal.dom.NodeImpl::ownerDocument (23 bytes)
Event: 17.287 Thread 0x0000000054ef0000 nmethod 2958 0x0000000003273dd0 code [0x0000000003273f40, 0x0000000003274108]
Event: 17.292 Thread 0x0000000054ef0000 2959       2       java.lang.AbstractStringBuilder::append (144 bytes)
Event: 17.293 Thread 0x0000000054ef0000 nmethod 2959 0x00000000032741d0 code [0x00000000032743e0, 0x0000000003274a78]
Event: 17.312 Thread 0x0000000054ef0000 2960       2       com.sun.org.apache.xerces.internal.util.XMLStringBuffer::<init> (7 bytes)
Event: 17.313 Thread 0x0000000054ef0000 nmethod 2960 0x0000000003275010 code [0x0000000003275160, 0x0000000003275350]
Event: 17.314 Thread 0x0000000054ef0000 2961       2       com.sun.org.apache.xerces.internal.impl.io.UTF8Reader::read (1388 bytes)
Event: 17.318 Thread 0x0000000054ef0000 nmethod 2961 0x0000000003275410 code [0x0000000003275760, 0x0000000003277078]
Event: 17.320 Thread 0x0000000054ef0000 2962 %     3       com.sun.org.apache.xerces.internal.impl.io.UTF8Reader::read @ 113 (1388 bytes)

GC Heap History (10 events):
Event: 10.502 GC heap before
{Heap before GC invocations=6 (full 1):
 PSYoungGen      total 102400K, used 98304K [0x00000000eab00000, 0x00000000f1300000, 0x0000000100000000)
  eden space 98304K, 100% used [0x00000000eab00000,0x00000000f0b00000,0x00000000f0b00000)
  from space 4096K, 0% used [0x00000000f0f00000,0x00000000f0f00000,0x00000000f1300000)
  to   space 4096K, 0% used [0x00000000f0b00000,0x00000000f0b00000,0x00000000f0f00000)
 ParOldGen       total 57856K, used 12755K [0x00000000c0000000, 0x00000000c3880000, 0x00000000eab00000)
  object space 57856K, 22% used [0x00000000c0000000,0x00000000c0c74de8,0x00000000c3880000)
 Metaspace       used 22444K, capacity 22978K, committed 23168K, reserved 1069056K
  class space    used 2940K, capacity 3146K, committed 3200K, reserved 1048576K
Event: 10.622 GC heap after
Heap after GC invocations=6 (full 1):
 PSYoungGen      total 102400K, used 2165K [0x00000000eab00000, 0x00000000f5080000, 0x0000000100000000)
  eden space 98304K, 0% used [0x00000000eab00000,0x00000000eab00000,0x00000000f0b00000)
  from space 4096K, 52% used [0x00000000f0b00000,0x00000000f0d1d500,0x00000000f0f00000)
  to   space 10752K, 0% used [0x00000000f4600000,0x00000000f4600000,0x00000000f5080000)
 ParOldGen       total 57856K, used 12763K [0x00000000c0000000, 0x00000000c3880000, 0x00000000eab00000)
  object space 57856K, 22% used [0x00000000c0000000,0x00000000c0c76de8,0x00000000c3880000)
 Metaspace       used 22444K, capacity 22978K, committed 23168K, reserved 1069056K
  class space    used 2940K, capacity 3146K, committed 3200K, reserved 1048576K
}
Event: 11.171 GC heap before
{Heap before GC invocations=7 (full 1):
 PSYoungGen      total 102400K, used 100469K [0x00000000eab00000, 0x00000000f5080000, 0x0000000100000000)
  eden space 98304K, 100% used [0x00000000eab00000,0x00000000f0b00000,0x00000000f0b00000)
  from space 4096K, 52% used [0x00000000f0b00000,0x00000000f0d1d500,0x00000000f0f00000)
  to   space 10752K, 0% used [0x00000000f4600000,0x00000000f4600000,0x00000000f5080000)
 ParOldGen       total 57856K, used 12763K [0x00000000c0000000, 0x00000000c3880000, 0x00000000eab00000)
  object space 57856K, 22% used [0x00000000c0000000,0x00000000c0c76de8,0x00000000c3880000)
 Metaspace       used 22481K, capacity 23042K, committed 23168K, reserved 1069056K
  class space    used 2942K, capacity 3146K, committed 3200K, reserved 1048576K
Event: 11.179 GC heap after
Heap after GC invocations=7 (full 1):
 PSYoungGen      total 152576K, used 1768K [0x00000000eab00000, 0x00000000f4e00000, 0x0000000100000000)
  eden space 144384K, 0% used [0x00000000eab00000,0x00000000eab00000,0x00000000f3800000)
  from space 8192K, 21% used [0x00000000f4600000,0x00000000f47ba100,0x00000000f4e00000)
  to   space 11264K, 0% used [0x00000000f3800000,0x00000000f3800000,0x00000000f4300000)
 ParOldGen       total 57856K, used 12771K [0x00000000c0000000, 0x00000000c3880000, 0x00000000eab00000)
  object space 57856K, 22% used [0x00000000c0000000,0x00000000c0c78de8,0x00000000c3880000)
 Metaspace       used 22481K, capacity 23042K, committed 23168K, reserved 1069056K
  class space    used 2942K, capacity 3146K, committed 3200K, reserved 1048576K
}
Event: 11.957 GC heap before
{Heap before GC invocations=8 (full 1):
 PSYoungGen      total 152576K, used 146152K [0x00000000eab00000, 0x00000000f4e00000, 0x0000000100000000)
  eden space 144384K, 100% used [0x00000000eab00000,0x00000000f3800000,0x00000000f3800000)
  from space 8192K, 21% used [0x00000000f4600000,0x00000000f47ba100,0x00000000f4e00000)
  to   space 11264K, 0% used [0x00000000f3800000,0x00000000f3800000,0x00000000f4300000)
 ParOldGen       total 57856K, used 12771K [0x00000000c0000000, 0x00000000c3880000, 0x00000000eab00000)
  object space 57856K, 22% used [0x00000000c0000000,0x00000000c0c78de8,0x00000000c3880000)
 Metaspace       used 22487K, capacity 23042K, committed 23168K, reserved 1069056K
  class space    used 2942K, capacity 3146K, committed 3200K, reserved 1048576K
Event: 11.978 GC heap after
Heap after GC invocations=8 (full 1):
 PSYoungGen      total 155648K, used 2532K [0x00000000eab00000, 0x00000000f8e00000, 0x0000000100000000)
  eden space 144384K, 0% used [0x00000000eab00000,0x00000000eab00000,0x00000000f3800000)
  from space 11264K, 22% used [0x00000000f3800000,0x00000000f3a79100,0x00000000f4300000)
  to   space 10752K, 0% used [0x00000000f8380000,0x00000000f8380000,0x00000000f8e00000)
 ParOldGen       total 57856K, used 12771K [0x00000000c0000000, 0x00000000c3880000, 0x00000000eab00000)
  object space 57856K, 22% used [0x00000000c0000000,0x00000000c0c78de8,0x00000000c3880000)
 Metaspace       used 22487K, capacity 23042K, committed 23168K, reserved 1069056K
  class space    used 2942K, capacity 3146K, committed 3200K, reserved 1048576K
}
Event: 13.659 GC heap before
{Heap before GC invocations=9 (full 1):
 PSYoungGen      total 155648K, used 146916K [0x00000000eab00000, 0x00000000f8e00000, 0x0000000100000000)
  eden space 144384K, 100% used [0x00000000eab00000,0x00000000f3800000,0x00000000f3800000)
  from space 11264K, 22% used [0x00000000f3800000,0x00000000f3a79100,0x00000000f4300000)
  to   space 10752K, 0% used [0x00000000f8380000,0x00000000f8380000,0x00000000f8e00000)
 ParOldGen       total 57856K, used 12771K [0x00000000c0000000, 0x00000000c3880000, 0x00000000eab00000)
  object space 57856K, 22% used [0x00000000c0000000,0x00000000c0c78de8,0x00000000c3880000)
 Metaspace       used 24065K, capacity 24802K, committed 24960K, reserved 1071104K
  class space    used 3111K, capacity 3358K, committed 3456K, reserved 1048576K
Event: 13.675 GC heap after
Heap after GC invocations=9 (full 1):
 PSYoungGen      total 211456K, used 6431K [0x00000000eab00000, 0x00000000f8a00000, 0x0000000100000000)
  eden space 204800K, 0% used [0x00000000eab00000,0x00000000eab00000,0x00000000f7300000)
  from space 6656K, 96% used [0x00000000f8380000,0x00000000f89c7c38,0x00000000f8a00000)
  to   space 10752K, 0% used [0x00000000f7500000,0x00000000f7500000,0x00000000f7f80000)
 ParOldGen       total 57856K, used 12779K [0x00000000c0000000, 0x00000000c3880000, 0x00000000eab00000)
  object space 57856K, 22% used [0x00000000c0000000,0x00000000c0c7ade8,0x00000000c3880000)
 Metaspace       used 24065K, capacity 24802K, committed 24960K, reserved 1071104K
  class space    used 3111K, capacity 3358K, committed 3456K, reserved 1048576K
}
Event: 15.946 GC heap before
{Heap before GC invocations=10 (full 1):
 PSYoungGen      total 211456K, used 211231K [0x00000000eab00000, 0x00000000f8a00000, 0x0000000100000000)
  eden space 204800K, 100% used [0x00000000eab00000,0x00000000f7300000,0x00000000f7300000)
  from space 6656K, 96% used [0x00000000f8380000,0x00000000f89c7c38,0x00000000f8a00000)
  to   space 10752K, 0% used [0x00000000f7500000,0x00000000f7500000,0x00000000f7f80000)
 ParOldGen       total 57856K, used 12779K [0x00000000c0000000, 0x00000000c3880000, 0x00000000eab00000)
  object space 57856K, 22% used [0x00000000c0000000,0x00000000c0c7ade8,0x00000000c3880000)
 Metaspace       used 26022K, capacity 26764K, committed 27136K, reserved 1073152K
  class space    used 3440K, capacity 3723K, committed 3840K, reserved 1048576K
Event: 15.969 GC heap after
Heap after GC invocations=10 (full 1):
 PSYoungGen      total 217600K, used 10202K [0x00000000eab00000, 0x00000000fb880000, 0x0000000100000000)
  eden space 206848K, 0% used [0x00000000eab00000,0x00000000eab00000,0x00000000f7500000)
  from space 10752K, 94% used [0x00000000f7500000,0x00000000f7ef6a20,0x00000000f7f80000)
  to   space 12288K, 0% used [0x00000000fac80000,0x00000000fac80000,0x00000000fb880000)
 ParOldGen       total 57856K, used 12787K [0x00000000c0000000, 0x00000000c3880000, 0x00000000eab00000)
  object space 57856K, 22% used [0x00000000c0000000,0x00000000c0c7cde8,0x00000000c3880000)
 Metaspace       used 26022K, capacity 26764K, committed 27136K, reserved 1073152K
  class space    used 3440K, capacity 3723K, committed 3840K, reserved 1048576K
}

Deoptimization events (10 events):
Event: 14.824 Thread 0x00000000577ba000 Uncommon trap: reason=class_check action=maybe_recompile pc=0x0000000002ff2788 method=com.google.common.base.Equivalence$Equals.doHash(Ljava/lang/Object;)I @ 1
Event: 14.909 Thread 0x00000000577ba000 Uncommon trap: reason=class_check action=maybe_recompile pc=0x0000000002ff2788 method=com.google.common.base.Equivalence$Equals.doHash(Ljava/lang/Object;)I @ 1
Event: 14.911 Thread 0x00000000577ba000 Uncommon trap: reason=class_check action=maybe_recompile pc=0x0000000002ff2788 method=com.google.common.base.Equivalence$Equals.doHash(Ljava/lang/Object;)I @ 1
Event: 14.911 Thread 0x00000000577ba000 Uncommon trap: reason=class_check action=maybe_recompile pc=0x0000000002ff2788 method=com.google.common.base.Equivalence$Equals.doHash(Ljava/lang/Object;)I @ 1
Event: 16.520 Thread 0x00000000577ba000 Uncommon trap: reason=class_check action=maybe_recompile pc=0x0000000002ff5bb0 method=java.util.HashSet.contains(Ljava/lang/Object;)Z @ 5
Event: 16.612 Thread 0x00000000577ba000 Uncommon trap: reason=unstable_if action=reinterpret pc=0x0000000002914660 method=java.net.URI.match(CJJ)Z @ 45
Event: 16.612 Thread 0x00000000577ba000 Uncommon trap: reason=class_check action=maybe_recompile pc=0x0000000002ff5bb0 method=java.util.HashSet.contains(Ljava/lang/Object;)Z @ 5
Event: 16.842 Thread 0x00000000577ba000 Uncommon trap: reason=class_check action=maybe_recompile pc=0x0000000002ff5bb0 method=java.util.HashSet.contains(Ljava/lang/Object;)Z @ 5
Event: 16.870 Thread 0x00000000577ba000 Uncommon trap: reason=unstable_if action=reinterpret pc=0x0000000002c740e4 method=java.lang.AbstractStringBuilder.append(Ljava/lang/String;)Ljava/lang/AbstractStringBuilder; @ 1
Event: 17.047 Thread 0x00000000577ba000 Uncommon trap: reason=class_check action=maybe_recompile pc=0x0000000002ff5bb0 method=java.util.HashSet.contains(Ljava/lang/Object;)Z @ 5

Internal exceptions (10 events):
Event: 15.175 Thread 0x00000000577ba000 Exception <a 'java/lang/ClassNotFoundException': org/gradle/buildinit/tasks/internal/TaskConfigurationCustomizer> (0x00000000ed1e0be0) thrown at [C:\re\workspace\8-2-build-windows-amd64-cygwin\jdk8u45\3457\hotspot\src\share\vm\classfile\systemDictionary.cp3Z‚√"0@
Event: 16.114 Thread 0x00000000577ba000 Exception <a 'java/lang/ClassNotFoundException': build_35np9h316iiifxl0ohtonhvm8BeanInfo> (0x00000000ebcebcb0) thrown at [C:\re\workspace\8-2-build-windows-amd64-cygwin\jdk8u45\3457\hotspot\src\share\vm\classfile\systemDictionary.cpp, line 210]
Event: 16.114 Thread 0x00000000577ba000 Exception <a 'java/lang/ClassNotFoundException': org/gradle/api/internal/project/ProjectScriptBeanInfo> (0x00000000ebcf9440) thrown at [C:\re\workspace\8-2-build-windows-amd64-cygwin\jdk8u45\3457\hotspot\src\share\vm\classfile\systemDictionary.cpp, line 21Y€ÈaP0@
Event: 16.115 Thread 0x00000000577ba000 Exception <a 'java/lang/ClassNotFoundException': org/gradle/api/internal/project/ProjectScriptCustomizer> (0x00000000ebd06f40) thrown at [C:\re\workspace\8-2-build-windows-amd64-cygwin\jdk8u45\3457\hotspot\src\share\vm\classfile\systemDictionary.cpp, line £›pe∏0@
Event: 16.116 Thread 0x00000000577ba000 Exception <a 'java/lang/ClassNotFoundException': build_35np9h316iiifxl0ohtonhvm8Customizer> (0x00000000ebd3f298) thrown at [C:\re\workspace\8-2-build-windows-amd64-cygwin\jdk8u45\3457\hotspot\src\share\vm\classfile\systemDictionary.cpp, line 210]
Event: 16.137 Thread 0x00000000577ba000 Exception <a 'java/lang/ClassNotFoundException': org/gradle/api/artifacts/dsl/DependencyHandlerBeanInfo> (0x00000000ebdf5440) thrown at [C:\re\workspace\8-2-build-windows-amd64-cygwin\jdk8u45\3457\hotspot\src\share\vm\classfile\systemDictionary.cpp, line 2
Event: 16.138 Thread 0x00000000577ba000 Exception <a 'java/lang/ClassNotFoundException': org/gradle/api/artifacts/dsl/DependencyHandlerCustomizer> (0x00000000ebe14f90) thrown at [C:\re\workspace\8-2-build-windows-amd64-cygwin\jdk8u45\3457\hotspot\src\share\vm\classfile\systemDictionary.cpp, line√®€7œ#0@
Event: 16.140 Thread 0x00000000577ba000 Exception <a 'java/lang/ClassNotFoundException': org/gradle/api/internal/IConventionAwareBeanInfo> (0x00000000ebe72118) thrown at [C:\re\workspace\8-2-build-windows-amd64-cygwin\jdk8u45\3457\hotspot\src\share\vm\classfile\systemDictionary.cpp, line 210]
Event: 16.141 Thread 0x00000000577ba000 Exception <a 'java/lang/ClassNotFoundException': org/gradle/api/internal/IConventionAwareCustomizer> (0x00000000ebe8ef08) thrown at [C:\re\workspace\8-2-build-windows-amd64-cygwin\jdk8u45\3457\hotspot\src\share\vm\classfile\systemDictionary.cpp, line 210]
Event: 16.870 Thread 0x00000000577ba000 Implicit null exception at 0x0000000002c73c0e to 0x0000000002c740d5

Events (10 events):
Event: 17.271 loading class org/gradle/internal/resolve/ArtifactResolveException
Event: 17.271 loading class org/gradle/internal/resolve/ArtifactResolveException done
Event: 17.272 loading class org/gradle/api/internal/artifacts/ivyservice/ivyresolve/ResolveIvyFactory$ParentModuleLookupResolver$2
Event: 17.272 loading class org/gradle/api/internal/artifacts/ivyservice/ivyresolve/ResolveIvyFactory$ParentModuleLookupResolver$2 done
Event: 17.272 loading class org/gradle/internal/resolve/result/DefaultBuildableArtifactResolveResult
Event: 17.272 loading class org/gradle/internal/resolve/result/DefaultBuildableArtifactResolveResult done
Event: 17.273 loading class org/gradle/internal/resolve/ArtifactNotFoundException
Event: 17.273 loading class org/gradle/internal/resolve/ArtifactNotFoundException done
Event: 17.274 loading class org/gradle/api/internal/artifacts/ivyservice/ivyresolve/ResolveIvyFactory$ParentModuleLookupResolver$4
Event: 17.274 loading class org/gradle/api/internal/artifacts/ivyservice/ivyresolve/ResolveIvyFactory$ParentModuleLookupResolver$4 done


Dynamic libraries:
0x000000013f890000 - 0x000000013f8c7000 	C:\Program Files\Java\jdk1.8.0_45\bin\java.exe
0x0000000077af0000 - 0x0000000077c9a000 	C:\windows\SYSTEM32\ntdll.dll
0x00000000779d0000 - 0x0000000077aef000 	C:\windows\system32\kernel32.dll
0x000007fefd8b0000 - 0x000007fefd91a000 	C:\windows\system32\KERNELBASE.dll
0x000007feffd20000 - 0x000007feffdfb000 	C:\windows\system32\ADVAPI32.dll
0x000007feff970000 - 0x000007feffa0f000 	C:\windows\system32\msvcrt.dll
0x000007feffd00000 - 0x000007feffd1f000 	C:\windows\SYSTEM32\sechost.dll
0x000007feff490000 - 0x000007feff5bd000 	C:\windows\system32\RPCRT4.dll
0x00000000778d0000 - 0x00000000779ca000 	C:\windows\system32\USER32.dll
0x000007feff0c0000 - 0x000007feff127000 	C:\windows\system32\GDI32.dll
0x000007feff2f0000 - 0x000007feff2fe000 	C:\windows\system32\LPK.dll
0x000007fefdf10000 - 0x000007fefdfda000 	C:\windows\system32\USP10.dll
0x000007fefc3e0000 - 0x000007fefc5d4000 	C:\windows\WinSxS\amd64_microsoft.windows.common-controls_6595b64144ccf1df_6.0.7601.18837_none_fa3b1e3d17594757\COMCTL32.dll
0x000007fefdfe0000 - 0x000007fefe051000 	C:\windows\system32\SHLWAPI.dll
0x000007feff130000 - 0x000007feff15e000 	C:\windows\system32\IMM32.DLL
0x000007feff160000 - 0x000007feff269000 	C:\windows\system32\MSCTF.dll
0x000000006b2d0000 - 0x000000006b3a2000 	C:\Program Files\Java\jdk1.8.0_45\jre\bin\msvcr100.dll
0x000000006f800000 - 0x0000000070083000 	C:\Program Files\Java\jdk1.8.0_45\jre\bin\server\jvm.dll
0x000007fefb760000 - 0x000007fefb769000 	C:\windows\system32\WSOCK32.dll
0x000007fefdbf0000 - 0x000007fefdc3d000 	C:\windows\system32\WS2_32.dll
0x000007feff840000 - 0x000007feff848000 	C:\windows\system32\NSI.dll
0x000007fefb330000 - 0x000007fefb36b000 	C:\windows\system32\WINMM.dll
0x000007fefc8d0000 - 0x000007fefc8dc000 	C:\windows\system32\VERSION.dll
0x0000000077cb0000 - 0x0000000077cb7000 	C:\windows\system32\PSAPI.DLL
0x0000000074260000 - 0x000000007426f000 	C:\Program Files\Java\jdk1.8.0_45\jre\bin\verify.dll
0x0000000073e50000 - 0x0000000073e79000 	C:\Program Files\Java\jdk1.8.0_45\jre\bin\java.dll
0x0000000073eb0000 - 0x0000000073ec6000 	C:\Program Files\Java\jdk1.8.0_45\jre\bin\zip.dll
0x000007fefe330000 - 0x000007feff0bc000 	C:\windows\system32\SHELL32.dll
0x000007feffa10000 - 0x000007feffc13000 	C:\windows\system32\ole32.dll
0x000007fefd840000 - 0x000007fefd84f000 	C:\windows\system32\profapi.dll
0x0000000073e30000 - 0x0000000073e4a000 	C:\Program Files\Java\jdk1.8.0_45\jre\bin\net.dll
0x000007fefd010000 - 0x000007fefd065000 	C:\windows\system32\mswsock.dll
0x000007fefd000000 - 0x000007fefd007000 	C:\windows\System32\wship6.dll
0x0000000073e10000 - 0x0000000073e21000 	C:\Program Files\Java\jdk1.8.0_45\jre\bin\nio.dll
0x000007fefaba0000 - 0x000007fefabb2000 	C:\Users\Toshiba\.gradle\native\19\windows-amd64\native-platform.dll
0x000007fefaa70000 - 0x000007fefaa97000 	C:\windows\system32\IPHLPAPI.DLL
0x000007fefaa60000 - 0x000007fefaa6b000 	C:\windows\system32\WINNSI.DLL
0x000007fefa870000 - 0x000007fefa888000 	C:\windows\system32\dhcpcsvc.DLL
0x000007fefa830000 - 0x000007fefa841000 	C:\windows\system32\dhcpcsvc6.DLL
0x000007fefd070000 - 0x000007fefd088000 	C:\windows\system32\CRYPTSP.dll
0x000007fefcd70000 - 0x000007fefcdb7000 	C:\windows\system32\rsaenh.dll
0x000007fefd940000 - 0x000007fefd95e000 	C:\windows\system32\USERENV.dll
0x000007fefd6d0000 - 0x000007fefd6df000 	C:\windows\system32\CRYPTBASE.dll
0x000007fefd670000 - 0x000007fefd6c7000 	C:\windows\system32\apphelp.dll

VM Arguments:
jvm_args: -XX:MaxPermSize=256m -XX:+HeapDumpOnOutOfMemoryError -Xmx1024m -Dfile.encoding=windows-1252 -Duser.country=MX -Duser.language=es -Duser.variant 
java_command: org.gradle.launcher.daemon.bootstrap.GradleDaemon 2.4 C:\Users\Toshiba\.gradle C:\Users\Toshiba\.gradle\daemon 10800000 1158dcc8-bb56-43e9-9550-229c3cd5a915 -XX:MaxPermSize=256m -XX:+HeapDumpOnOutOfMemoryError -Xmx1024m -Dfile.encoding=windows-1252 -Duser.country=MX -Duser.language=es -Duser.variant
java_class_path (initial): C:\Program Files\Android\Android Studio\gradle\gradle-2.4\lib\gradle-launcher-2.4.jar
Launcher Type: SUN_STANDARD

Environment Variables:
PATH=C:\Program Files\Common Files\Microsoft Shared\Windows Live;C:\Program Files (x86)\Common Files\Microsoft Shared\Windows Live;C:\ProgramData\Oracle\Java\javapath;C:\Program Files (x86)\NVIDIA Corporation\PhysX\Common;C:\Program Files (x86)\Intel\iCLS Client\;C:\Program Files\Intel\iCLS Client\;C:\windows\system32;C:\windows;C:\windows\System32\Wbem;C:\windows\System32\WindowsPowerShell\v1.0\;C:\Program Files\Intel\Intel(R) Management Engine Components\DAL;C:\Program Files\Intel\Intel(R) Management Engine Components\IPT;C:\Program Files (x86)\Intel\Intel(R) Management Engine Components\DAL;C:\Program Files (x86)\Intel\Intel(R) Management Engine Components\IPT;C:\Program Files (x86)\Toshiba\Bluetooth Toshiba Stack\sys\;C:\Program Files (x86)\Toshiba\Bluetooth Toshiba Stack\sys\x64\;C:\Program Files (x86)\Windows Live\Shared;C:\Program Files (x86)\IVI Foundation\VISA\WinNT\Bin\;C:\Program Files\IVI Foundation\VISA\Win64\Bin\;C:\Program Files (x86)\IVI Foundation\VISA\WinNT\Bin;C:\Program Files (x86)\Microsoft SQL Server\80\Tools\Binn\;c:\Program Files (x86)\Microsoft SQL Server\100\Tools\Binn\;c:\Program Files (x86)\Microsoft SQL Server\100\DTS\Binn\;C:\Program Files\MATLAB\R2014a\runtime\win64;C:\Program Files\MATLAB\R2014a\bin;C:\Program Files\MATLAB\R2014a\polyspace\bin;C:\Program Files (x86)\Skype\Phone\;C:\Program Files\Tecnomatix\eMPower\;C:\Program Files\Git\cmd;C:\Program Files\MySQL\MySQL Server 5.7\bin
USERNAME=Toshiba
OS=Windows_NT
PROCESSOR_IDENTIFIER=Intel64 Family 6 Model 42 Stepping 7, GenuineIntel



---------------  S Y S T E M  ---------------

OS: Windows 7 , 64 bit Build 7601 (6.1.7601.23418)

CPU:total 2 (2 cores per cpu, 1 threads per core) family 6 model 42 stepping 7, cmov, cx8, fxsr, mmx, sse, sse2, sse3, ssse3, sse4.1, sse4.2, popcnt, clmul, tsc, tscinvbit

Memory: 4k page, physical 6181688k(734156k free), swap 6179828k(5060k free)

vm_info: Java HotSpot(TM) 64-Bit Server VM (25.45-b02) for windows-amd64 JRE (1.8.0_45-b14), built on Apr 10 2015 10:34:15 by "java_re" with MS VC++ 10.0 (VS2010)

time: Wed Aug 10 18:30:17 2016
elapsed time: 17 seconds (0d 0h 0m 17s)

